
> vibe-generated-app@1.0.0 dev
> vite


  VITE v5.4.20  ready in 275 ms

  ➜  Local:   http://localhost:3000/
  ➜  Network: http://172.20.46.227:3000/
9:47:18 PM [vite] Pre-transform error: Transform failed with 1 error:
/home/workspace/src/components/Search.jsx:35:17: ERROR: Expected ">" but found ")"
9:47:19 PM [vite] Internal server error: Transform failed with 1 error:
/home/workspace/src/components/Search.jsx:35:17: ERROR: Expected ">" but found ")"
  Plugin: vite:esbuild
  File: /home/workspace/src/components/Search.jsx:35:17
  
  Expected ">" but found ")"
  33 |                  <div className="text-white font-medium">{r.title}</div>
  34 |                  <div className="text-sm text-blue-200/70 truncate">{r.text}</div>
  35 |                </a)
     |                   ^
  36 |              )}
  37 |            </div>
  
      at failureErrorWithLog (/home/workspace/node_modules/esbuild/lib/main.js:1472:15)
      at /home/workspace/node_modules/esbuild/lib/main.js:755:50
      at responseCallbacks.<computed> (/home/workspace/node_modules/esbuild/lib/main.js:622:9)
      at handleIncomingPacket (/home/workspace/node_modules/esbuild/lib/main.js:677:12)
      at Socket.readFromStdout (/home/workspace/node_modules/esbuild/lib/main.js:600:7)
      at Socket.emit (node:events:508:28)
      at addChunk (node:internal/streams/readable:559:12)
      at readableAddChunkPushByteMode (node:internal/streams/readable:510:3)
      at Readable.push (node:internal/streams/readable:390:5)
      at Pipe.onStreamRead (node:internal/stream_base_commons:189:23)
9:47:40 PM [vite] Internal server error: Transform failed with 1 error:
/home/workspace/src/components/Search.jsx:35:17: ERROR: Expected ">" but found ")"
  Plugin: vite:esbuild
  File: /home/workspace/src/components/Search.jsx:35:17
  
  Expected ">" but found ")"
  33 |                  <div className="text-white font-medium">{r.title}</div>
  34 |                  <div className="text-sm text-blue-200/70 truncate">{r.text}</div>
  35 |                </a)
     |                   ^
  36 |              )}
  37 |            </div>
  
      at failureErrorWithLog (/home/workspace/node_modules/esbuild/lib/main.js:1472:15)
      at /home/workspace/node_modules/esbuild/lib/main.js:755:50
      at responseCallbacks.<computed> (/home/workspace/node_modules/esbuild/lib/main.js:622:9)
      at handleIncomingPacket (/home/workspace/node_modules/esbuild/lib/main.js:677:12)
      at Socket.readFromStdout (/home/workspace/node_modules/esbuild/lib/main.js:600:7)
      at Socket.emit (node:events:508:28)
      at addChunk (node:internal/streams/readable:559:12)
      at readableAddChunkPushByteMode (node:internal/streams/readable:510:3)
      at Readable.push (node:internal/streams/readable:390:5)
      at Pipe.onStreamRead (node:internal/stream_base_commons:189:23)
